<?xml version="1.0" encoding="UTF-8"?>
<coverage generated="1570856118021" clover="3.2.0">
  <project timestamp="1570856118021" name="All files">
    <metrics statements="198" coveredstatements="23" conditionals="123" coveredconditionals="0" methods="15" coveredmethods="0" elements="336" coveredelements="23" complexity="0" loc="198" ncloc="198" packages="1" files="1" classes="1"/>
    <file name="index.js" path="/Users/jacobevans/personalProjects/stargazed/index.js">
      <metrics statements="198" coveredstatements="23" conditionals="123" coveredconditionals="0" methods="15" coveredmethods="0"/>
      <line num="5" count="1" type="stmt"/>
      <line num="6" count="1" type="stmt"/>
      <line num="7" count="1" type="stmt"/>
      <line num="8" count="1" type="stmt"/>
      <line num="9" count="1" type="stmt"/>
      <line num="10" count="1" type="stmt"/>
      <line num="11" count="1" type="stmt"/>
      <line num="12" count="1" type="stmt"/>
      <line num="13" count="1" type="stmt"/>
      <line num="14" count="1" type="stmt"/>
      <line num="15" count="1" type="stmt"/>
      <line num="17" count="1" type="stmt"/>
      <line num="19" count="1" type="stmt"/>
      <line num="21" count="1" type="stmt"/>
      <line num="22" count="0" type="cond" truecount="0" falsecount="2"/>
      <line num="23" count="0" type="stmt"/>
      <line num="27" count="0" type="cond" truecount="0" falsecount="2"/>
      <line num="31" count="0" type="cond" truecount="0" falsecount="2"/>
      <line num="32" count="0" type="cond" truecount="0" falsecount="2"/>
      <line num="33" count="0" type="stmt"/>
      <line num="38" count="0" type="cond" truecount="0" falsecount="2"/>
      <line num="42" count="0" type="cond" truecount="0" falsecount="2"/>
      <line num="43" count="0" type="cond" truecount="0" falsecount="2"/>
      <line num="44" count="0" type="stmt"/>
      <line num="47" count="0" type="cond" truecount="0" falsecount="2"/>
      <line num="51" count="0" type="cond" truecount="0" falsecount="2"/>
      <line num="52" count="0" type="cond" truecount="0" falsecount="2"/>
      <line num="53" count="0" type="stmt"/>
      <line num="58" count="0" type="cond" truecount="0" falsecount="2"/>
      <line num="62" count="0" type="cond" truecount="0" falsecount="2"/>
      <line num="63" count="0" type="cond" truecount="0" falsecount="2"/>
      <line num="64" count="0" type="stmt"/>
      <line num="69" count="0" type="cond" truecount="0" falsecount="2"/>
      <line num="73" count="0" type="cond" truecount="0" falsecount="2"/>
      <line num="74" count="0" type="cond" truecount="0" falsecount="2"/>
      <line num="75" count="0" type="stmt"/>
      <line num="80" count="0" type="cond" truecount="0" falsecount="2"/>
      <line num="84" count="0" type="cond" truecount="0" falsecount="2"/>
      <line num="85" count="0" type="cond" truecount="0" falsecount="2"/>
      <line num="86" count="0" type="stmt"/>
      <line num="91" count="0" type="cond" truecount="0" falsecount="2"/>
      <line num="95" count="0" type="cond" truecount="0" falsecount="2"/>
      <line num="96" count="0" type="cond" truecount="0" falsecount="2"/>
      <line num="97" count="0" type="stmt"/>
      <line num="102" count="0" type="stmt"/>
      <line num="108" count="1" type="stmt"/>
      <line num="109" count="0" type="stmt"/>
      <line num="110" count="0" type="stmt"/>
      <line num="116" count="1" type="stmt"/>
      <line num="124" count="1" type="stmt"/>
      <line num="125" count="0" type="stmt"/>
      <line num="126" count="0" type="stmt"/>
      <line num="127" count="0" type="stmt"/>
      <line num="129" count="0" type="stmt"/>
      <line num="135" count="1" type="stmt"/>
      <line num="136" count="0" type="stmt"/>
      <line num="138" count="0" type="stmt"/>
      <line num="139" count="0" type="stmt"/>
      <line num="143" count="0" type="stmt"/>
      <line num="144" count="0" type="stmt"/>
      <line num="146" count="0" type="stmt"/>
      <line num="147" count="0" type="stmt"/>
      <line num="154" count="1" type="stmt"/>
      <line num="155" count="0" type="stmt"/>
      <line num="156" count="0" type="stmt"/>
      <line num="164" count="1" type="stmt"/>
      <line num="165" count="0" type="stmt"/>
      <line num="167" count="0" type="stmt"/>
      <line num="168" count="0" type="stmt"/>
      <line num="169" count="0" type="stmt"/>
      <line num="171" count="0" type="stmt"/>
      <line num="172" count="0" type="stmt"/>
      <line num="174" count="0" type="stmt"/>
      <line num="180" count="1" type="stmt"/>
      <line num="181" count="0" type="stmt"/>
      <line num="183" count="0" type="stmt"/>
      <line num="184" count="0" type="stmt"/>
      <line num="188" count="0" type="stmt"/>
      <line num="189" count="0" type="stmt"/>
      <line num="191" count="0" type="stmt"/>
      <line num="192" count="0" type="stmt"/>
      <line num="200" count="1" type="stmt"/>
      <line num="202" count="0" type="stmt"/>
      <line num="204" count="0" type="stmt"/>
      <line num="208" count="0" type="stmt"/>
      <line num="209" count="0" type="stmt"/>
      <line num="211" count="0" type="stmt"/>
      <line num="214" count="1" type="stmt"/>
      <line num="215" count="0" type="stmt"/>
      <line num="217" count="0" type="cond" truecount="0" falsecount="2"/>
      <line num="218" count="0" type="stmt"/>
      <line num="219" count="0" type="stmt"/>
      <line num="230" count="0" type="stmt"/>
      <line num="232" count="0" type="stmt"/>
      <line num="233" count="0" type="stmt"/>
      <line num="235" count="0" type="cond" truecount="0" falsecount="2"/>
      <line num="236" count="0" type="stmt"/>
      <line num="237" count="0" type="stmt"/>
      <line num="240" count="0" type="cond" truecount="0" falsecount="2"/>
      <line num="241" count="0" type="stmt"/>
      <line num="242" count="0" type="stmt"/>
      <line num="245" count="0" type="cond" truecount="0" falsecount="2"/>
      <line num="246" count="0" type="cond" truecount="0" falsecount="2"/>
      <line num="247" count="0" type="stmt"/>
      <line num="248" count="0" type="stmt"/>
      <line num="250" count="0" type="cond" truecount="0" falsecount="2"/>
      <line num="251" count="0" type="stmt"/>
      <line num="253" count="0" type="stmt"/>
      <line num="259" count="0" type="cond" truecount="0" falsecount="2"/>
      <line num="260" count="0" type="stmt"/>
      <line num="261" count="0" type="stmt"/>
      <line num="265" count="0" type="stmt"/>
      <line num="266" count="0" type="stmt"/>
      <line num="267" count="0" type="stmt"/>
      <line num="268" count="0" type="stmt"/>
      <line num="270" count="0" type="stmt"/>
      <line num="275" count="0" type="stmt"/>
      <line num="277" count="0" type="stmt"/>
      <line num="279" count="0" type="stmt"/>
      <line num="280" count="0" type="stmt"/>
      <line num="282" count="0" type="stmt"/>
      <line num="283" count="0" type="stmt"/>
      <line num="284" count="0" type="stmt"/>
      <line num="287" count="0" type="stmt"/>
      <line num="290" count="0" type="stmt"/>
      <line num="293" count="0" type="cond" truecount="0" falsecount="4"/>
      <line num="294" count="0" type="stmt"/>
      <line num="295" count="0" type="stmt"/>
      <line num="298" count="0" type="stmt"/>
      <line num="299" count="0" type="stmt"/>
      <line num="301" count="0" type="stmt"/>
      <line num="305" count="0" type="stmt"/>
      <line num="310" count="0" type="cond" truecount="0" falsecount="2"/>
      <line num="311" count="0" type="stmt"/>
      <line num="319" count="0" type="stmt"/>
      <line num="320" count="0" type="cond" truecount="0" falsecount="2"/>
      <line num="321" count="0" type="cond" truecount="0" falsecount="2"/>
      <line num="324" count="0" type="cond" truecount="0" falsecount="2"/>
      <line num="325" count="0" type="stmt"/>
      <line num="328" count="0" type="stmt"/>
      <line num="335" count="0" type="stmt"/>
      <line num="342" count="0" type="cond" truecount="0" falsecount="2"/>
      <line num="343" count="0" type="stmt"/>
      <line num="346" count="0" type="stmt"/>
      <line num="353" count="0" type="cond" truecount="0" falsecount="2"/>
      <line num="354" count="0" type="stmt"/>
      <line num="365" count="0" type="stmt"/>
      <line num="370" count="0" type="cond" truecount="0" falsecount="2"/>
      <line num="371" count="0" type="stmt"/>
      <line num="375" count="0" type="stmt"/>
      <line num="376" count="0" type="stmt"/>
      <line num="377" count="0" type="stmt"/>
      <line num="378" count="0" type="stmt"/>
      <line num="386" count="0" type="stmt"/>
      <line num="387" count="0" type="stmt"/>
      <line num="394" count="0" type="stmt"/>
      <line num="396" count="0" type="stmt"/>
      <line num="397" count="0" type="stmt"/>
      <line num="399" count="0" type="cond" truecount="0" falsecount="2"/>
      <line num="400" count="0" type="cond" truecount="0" falsecount="2"/>
      <line num="401" count="0" type="stmt"/>
      <line num="402" count="0" type="stmt"/>
      <line num="411" count="0" type="cond" truecount="0" falsecount="4"/>
      <line num="412" count="0" type="stmt"/>
      <line num="414" count="0" type="stmt"/>
      <line num="416" count="0" type="stmt"/>
      <line num="425" count="0" type="stmt"/>
      <line num="427" count="0" type="cond" truecount="0" falsecount="2"/>
      <line num="428" count="0" type="stmt"/>
      <line num="431" count="0" type="stmt"/>
      <line num="434" count="0" type="cond" truecount="0" falsecount="4"/>
      <line num="438" count="0" type="cond" truecount="0" falsecount="2"/>
      <line num="439" count="0" type="stmt"/>
      <line num="441" count="0" type="stmt"/>
      <line num="451" count="0" type="stmt"/>
      <line num="452" count="0" type="stmt"/>
      <line num="458" count="0" type="stmt"/>
      <line num="460" count="0" type="cond" truecount="0" falsecount="2"/>
      <line num="462" count="0" type="stmt"/>
      <line num="468" count="0" type="stmt"/>
      <line num="470" count="0" type="stmt"/>
      <line num="472" count="0" type="stmt"/>
      <line num="481" count="0" type="stmt"/>
      <line num="483" count="0" type="cond" truecount="0" falsecount="2"/>
      <line num="484" count="0" type="stmt"/>
      <line num="487" count="0" type="stmt"/>
      <line num="493" count="0" type="cond" truecount="0" falsecount="2"/>
      <line num="494" count="0" type="stmt"/>
      <line num="496" count="0" type="stmt"/>
      <line num="498" count="0" type="stmt"/>
      <line num="503" count="0" type="stmt"/>
      <line num="505" count="0" type="stmt"/>
      <line num="517" count="0" type="stmt"/>
      <line num="519" count="0" type="cond" truecount="0" falsecount="2"/>
      <line num="521" count="0" type="cond" truecount="0" falsecount="2"/>
      <line num="524" count="0" type="stmt"/>
      <line num="528" count="0" type="stmt"/>
      <line num="532" count="0" type="stmt"/>
    </file>
  </project>
</coverage>
