{"/Users/jacobevans/personalProjects/stargazed/index.js": {"path":"/Users/jacobevans/personalProjects/stargazed/index.js","statementMap":{"0":{"start":{"line":5,"column":12},"end":{"line":5,"column":26}},"1":{"start":{"line":6,"column":11},"end":{"line":6,"column":24}},"2":{"start":{"line":7,"column":12},"end":{"line":7,"column":26}},"3":{"start":{"line":8,"column":13},"end":{"line":8,"column":28}},"4":{"start":{"line":9,"column":14},"end":{"line":9,"column":31}},"5":{"start":{"line":10,"column":14},"end":{"line":10,"column":30}},"6":{"start":{"line":11,"column":22},"end":{"line":11,"column":37}},"7":{"start":{"line":12,"column":17},"end":{"line":12,"column":43}},"8":{"start":{"line":13,"column":17},"end":{"line":13,"column":46}},"9":{"start":{"line":14,"column":17},"end":{"line":14,"column":56}},"10":{"start":{"line":15,"column":18},"end":{"line":15,"column":58}},"11":{"start":{"line":17,"column":12},"end":{"line":17,"column":37}},"12":{"start":{"line":19,"column":16},"end":{"line":19,"column":18}},"13":{"start":{"line":21,"column":24},"end":{"line":103,"column":1}},"14":{"start":{"line":22,"column":1},"end":{"line":26,"column":2}},"15":{"start":{"line":23,"column":2},"end":{"line":25,"column":4}},"16":{"start":{"line":27,"column":1},"end":{"line":37,"column":2}},"17":{"start":{"line":31,"column":2},"end":{"line":31,"column":53}},"18":{"start":{"line":32,"column":2},"end":{"line":36,"column":3}},"19":{"start":{"line":33,"column":3},"end":{"line":35,"column":5}},"20":{"start":{"line":38,"column":1},"end":{"line":46,"column":2}},"21":{"start":{"line":42,"column":2},"end":{"line":42,"column":47}},"22":{"start":{"line":43,"column":2},"end":{"line":45,"column":3}},"23":{"start":{"line":44,"column":3},"end":{"line":44,"column":77}},"24":{"start":{"line":47,"column":1},"end":{"line":57,"column":2}},"25":{"start":{"line":51,"column":2},"end":{"line":51,"column":45}},"26":{"start":{"line":52,"column":2},"end":{"line":56,"column":3}},"27":{"start":{"line":53,"column":3},"end":{"line":55,"column":5}},"28":{"start":{"line":58,"column":1},"end":{"line":68,"column":2}},"29":{"start":{"line":62,"column":2},"end":{"line":62,"column":51}},"30":{"start":{"line":63,"column":2},"end":{"line":67,"column":3}},"31":{"start":{"line":64,"column":3},"end":{"line":66,"column":5}},"32":{"start":{"line":69,"column":1},"end":{"line":79,"column":2}},"33":{"start":{"line":73,"column":2},"end":{"line":73,"column":45}},"34":{"start":{"line":74,"column":2},"end":{"line":78,"column":3}},"35":{"start":{"line":75,"column":3},"end":{"line":77,"column":5}},"36":{"start":{"line":80,"column":1},"end":{"line":90,"column":2}},"37":{"start":{"line":84,"column":2},"end":{"line":84,"column":53}},"38":{"start":{"line":85,"column":2},"end":{"line":89,"column":3}},"39":{"start":{"line":86,"column":3},"end":{"line":88,"column":5}},"40":{"start":{"line":91,"column":1},"end":{"line":101,"column":2}},"41":{"start":{"line":95,"column":2},"end":{"line":95,"column":51}},"42":{"start":{"line":96,"column":2},"end":{"line":100,"column":3}},"43":{"start":{"line":97,"column":3},"end":{"line":99,"column":5}},"44":{"start":{"line":102,"column":1},"end":{"line":102,"column":13}},"45":{"start":{"line":108,"column":19},"end":{"line":111,"column":1}},"46":{"start":{"line":109,"column":1},"end":{"line":109,"column":47}},"47":{"start":{"line":110,"column":1},"end":{"line":110,"column":17}},"48":{"start":{"line":116,"column":24},"end":{"line":119,"column":1}},"49":{"start":{"line":124,"column":0},"end":{"line":130,"column":2}},"50":{"start":{"line":125,"column":14},"end":{"line":125,"column":18}},"51":{"start":{"line":126,"column":1},"end":{"line":128,"column":4}},"52":{"start":{"line":127,"column":2},"end":{"line":127,"column":64}},"53":{"start":{"line":129,"column":1},"end":{"line":129,"column":15}},"54":{"start":{"line":135,"column":26},"end":{"line":149,"column":1}},"55":{"start":{"line":136,"column":17},"end":{"line":136,"column":55}},"56":{"start":{"line":138,"column":1},"end":{"line":148,"column":2}},"57":{"start":{"line":139,"column":19},"end":{"line":142,"column":3}},"58":{"start":{"line":143,"column":2},"end":{"line":143,"column":44}},"59":{"start":{"line":144,"column":2},"end":{"line":144,"column":18}},"60":{"start":{"line":146,"column":2},"end":{"line":146,"column":50}},"61":{"start":{"line":147,"column":2},"end":{"line":147,"column":18}},"62":{"start":{"line":154,"column":27},"end":{"line":159,"column":1}},"63":{"start":{"line":155,"column":18},"end":{"line":155,"column":43}},"64":{"start":{"line":156,"column":1},"end":{"line":158,"column":4}},"65":{"start":{"line":164,"column":27},"end":{"line":175,"column":1}},"66":{"start":{"line":165,"column":17},"end":{"line":165,"column":55}},"67":{"start":{"line":167,"column":1},"end":{"line":173,"column":2}},"68":{"start":{"line":168,"column":2},"end":{"line":168,"column":70}},"69":{"start":{"line":169,"column":2},"end":{"line":169,"column":44}},"70":{"start":{"line":171,"column":2},"end":{"line":171,"column":42}},"71":{"start":{"line":172,"column":2},"end":{"line":172,"column":18}},"72":{"start":{"line":174,"column":1},"end":{"line":174,"column":16}},"73":{"start":{"line":180,"column":28},"end":{"line":194,"column":1}},"74":{"start":{"line":181,"column":17},"end":{"line":181,"column":60}},"75":{"start":{"line":183,"column":1},"end":{"line":193,"column":2}},"76":{"start":{"line":184,"column":17},"end":{"line":187,"column":3}},"77":{"start":{"line":188,"column":2},"end":{"line":188,"column":48}},"78":{"start":{"line":189,"column":2},"end":{"line":189,"column":16}},"79":{"start":{"line":191,"column":2},"end":{"line":191,"column":54}},"80":{"start":{"line":192,"column":2},"end":{"line":192,"column":18}},"81":{"start":{"line":200,"column":29},"end":{"line":212,"column":1}},"82":{"start":{"line":202,"column":16},"end":{"line":202,"column":43}},"83":{"start":{"line":204,"column":16},"end":{"line":207,"column":2}},"84":{"start":{"line":208,"column":1},"end":{"line":210,"column":4}},"85":{"start":{"line":209,"column":2},"end":{"line":209,"column":32}},"86":{"start":{"line":211,"column":1},"end":{"line":211,"column":17}},"87":{"start":{"line":214,"column":0},"end":{"line":535,"column":2}},"88":{"start":{"line":215,"column":13},"end":{"line":215,"column":31}},"89":{"start":{"line":217,"column":1},"end":{"line":220,"column":2}},"90":{"start":{"line":218,"column":2},"end":{"line":218,"column":18}},"91":{"start":{"line":219,"column":2},"end":{"line":219,"column":9}},"92":{"start":{"line":230,"column":5},"end":{"line":230,"column":12}},"93":{"start":{"line":232,"column":17},"end":{"line":232,"column":22}},"94":{"start":{"line":233,"column":15},"end":{"line":233,"column":20}},"95":{"start":{"line":235,"column":1},"end":{"line":238,"column":2}},"96":{"start":{"line":236,"column":2},"end":{"line":236,"column":45}},"97":{"start":{"line":237,"column":2},"end":{"line":237,"column":9}},"98":{"start":{"line":240,"column":1},"end":{"line":243,"column":2}},"99":{"start":{"line":241,"column":2},"end":{"line":241,"column":53}},"100":{"start":{"line":242,"column":2},"end":{"line":242,"column":9}},"101":{"start":{"line":245,"column":1},"end":{"line":254,"column":2}},"102":{"start":{"line":246,"column":2},"end":{"line":249,"column":3}},"103":{"start":{"line":247,"column":3},"end":{"line":247,"column":69}},"104":{"start":{"line":248,"column":3},"end":{"line":248,"column":10}},"105":{"start":{"line":250,"column":2},"end":{"line":252,"column":3}},"106":{"start":{"line":251,"column":3},"end":{"line":251,"column":18}},"107":{"start":{"line":253,"column":2},"end":{"line":253,"column":19}},"108":{"start":{"line":259,"column":1},"end":{"line":263,"column":2}},"109":{"start":{"line":260,"column":2},"end":{"line":262,"column":4}},"110":{"start":{"line":261,"column":3},"end":{"line":261,"column":49}},"111":{"start":{"line":265,"column":12},"end":{"line":265,"column":13}},"112":{"start":{"line":266,"column":12},"end":{"line":266,"column":14}},"113":{"start":{"line":267,"column":19},"end":{"line":267,"column":21}},"114":{"start":{"line":268,"column":17},"end":{"line":268,"column":19}},"115":{"start":{"line":270,"column":17},"end":{"line":270,"column":66}},"116":{"start":{"line":275,"column":14},"end":{"line":302,"column":2}},"117":{"start":{"line":277,"column":14},"end":{"line":277,"column":68}},"118":{"start":{"line":279,"column":2},"end":{"line":285,"column":3}},"119":{"start":{"line":280,"column":3},"end":{"line":280,"column":42}},"120":{"start":{"line":282,"column":3},"end":{"line":282,"column":54}},"121":{"start":{"line":283,"column":3},"end":{"line":283,"column":19}},"122":{"start":{"line":284,"column":3},"end":{"line":284,"column":10}},"123":{"start":{"line":287,"column":28},"end":{"line":287,"column":36}},"124":{"start":{"line":290,"column":2},"end":{"line":290,"column":27}},"125":{"start":{"line":293,"column":2},"end":{"line":296,"column":3}},"126":{"start":{"line":294,"column":3},"end":{"line":294,"column":13}},"127":{"start":{"line":295,"column":3},"end":{"line":295,"column":17}},"128":{"start":{"line":298,"column":2},"end":{"line":298,"column":73}},"129":{"start":{"line":299,"column":2},"end":{"line":299,"column":17}},"130":{"start":{"line":301,"column":2},"end":{"line":301,"column":18}},"131":{"start":{"line":305,"column":1},"end":{"line":305,"column":27}},"132":{"start":{"line":310,"column":1},"end":{"line":337,"column":2}},"133":{"start":{"line":311,"column":2},"end":{"line":336,"column":5}},"134":{"start":{"line":319,"column":7},"end":{"line":319,"column":11}},"135":{"start":{"line":320,"column":3},"end":{"line":320,"column":35}},"136":{"start":{"line":321,"column":3},"end":{"line":323,"column":9}},"137":{"start":{"line":324,"column":3},"end":{"line":326,"column":4}},"138":{"start":{"line":325,"column":4},"end":{"line":325,"column":29}},"139":{"start":{"line":328,"column":3},"end":{"line":334,"column":6}},"140":{"start":{"line":335,"column":3},"end":{"line":335,"column":15}},"141":{"start":{"line":342,"column":1},"end":{"line":348,"column":2}},"142":{"start":{"line":343,"column":2},"end":{"line":347,"column":6}},"143":{"start":{"line":346,"column":4},"end":{"line":346,"column":34}},"144":{"start":{"line":353,"column":19},"end":{"line":353,"column":58}},"145":{"start":{"line":354,"column":23},"end":{"line":360,"column":3}},"146":{"start":{"line":365,"column":1},"end":{"line":365,"column":41}},"147":{"start":{"line":370,"column":1},"end":{"line":534,"column":2}},"148":{"start":{"line":371,"column":22},"end":{"line":373,"column":11}},"149":{"start":{"line":375,"column":19},"end":{"line":375,"column":24}},"150":{"start":{"line":376,"column":20},"end":{"line":376,"column":25}},"151":{"start":{"line":377,"column":12},"end":{"line":377,"column":16}},"152":{"start":{"line":378,"column":24},"end":{"line":381,"column":22}},"153":{"start":{"line":386,"column":2},"end":{"line":406,"column":3}},"154":{"start":{"line":387,"column":3},"end":{"line":391,"column":7}},"155":{"start":{"line":394,"column":3},"end":{"line":394,"column":21}},"156":{"start":{"line":396,"column":3},"end":{"line":396,"column":41}},"157":{"start":{"line":397,"column":3},"end":{"line":397,"column":22}},"158":{"start":{"line":399,"column":3},"end":{"line":405,"column":4}},"159":{"start":{"line":400,"column":4},"end":{"line":403,"column":5}},"160":{"start":{"line":401,"column":5},"end":{"line":401,"column":23}},"161":{"start":{"line":402,"column":5},"end":{"line":402,"column":24}},"162":{"start":{"line":411,"column":2},"end":{"line":432,"column":3}},"163":{"start":{"line":412,"column":3},"end":{"line":412,"column":47}},"164":{"start":{"line":414,"column":3},"end":{"line":430,"column":4}},"165":{"start":{"line":416,"column":4},"end":{"line":424,"column":7}},"166":{"start":{"line":425,"column":4},"end":{"line":425,"column":60}},"167":{"start":{"line":427,"column":4},"end":{"line":429,"column":5}},"168":{"start":{"line":428,"column":5},"end":{"line":428,"column":55}},"169":{"start":{"line":431,"column":3},"end":{"line":431,"column":22}},"170":{"start":{"line":434,"column":2},"end":{"line":488,"column":3}},"171":{"start":{"line":438,"column":3},"end":{"line":463,"column":4}},"172":{"start":{"line":439,"column":4},"end":{"line":439,"column":52}},"173":{"start":{"line":441,"column":24},"end":{"line":449,"column":5}},"174":{"start":{"line":451,"column":4},"end":{"line":461,"column":5}},"175":{"start":{"line":452,"column":5},"end":{"line":456,"column":8}},"176":{"start":{"line":458,"column":5},"end":{"line":458,"column":70}},"177":{"start":{"line":460,"column":5},"end":{"line":460,"column":67}},"178":{"start":{"line":462,"column":4},"end":{"line":462,"column":23}},"179":{"start":{"line":468,"column":3},"end":{"line":468,"column":49}},"180":{"start":{"line":470,"column":3},"end":{"line":486,"column":4}},"181":{"start":{"line":472,"column":4},"end":{"line":479,"column":7}},"182":{"start":{"line":481,"column":4},"end":{"line":481,"column":61}},"183":{"start":{"line":483,"column":4},"end":{"line":485,"column":5}},"184":{"start":{"line":484,"column":5},"end":{"line":484,"column":55}},"185":{"start":{"line":487,"column":3},"end":{"line":487,"column":22}},"186":{"start":{"line":493,"column":2},"end":{"line":533,"column":3}},"187":{"start":{"line":494,"column":3},"end":{"line":494,"column":66}},"188":{"start":{"line":496,"column":27},"end":{"line":496,"column":69}},"189":{"start":{"line":498,"column":26},"end":{"line":501,"column":23}},"190":{"start":{"line":503,"column":3},"end":{"line":531,"column":4}},"191":{"start":{"line":505,"column":4},"end":{"line":515,"column":6}},"192":{"start":{"line":517,"column":4},"end":{"line":517,"column":65}},"193":{"start":{"line":519,"column":4},"end":{"line":530,"column":5}},"194":{"start":{"line":521,"column":5},"end":{"line":529,"column":6}},"195":{"start":{"line":524,"column":6},"end":{"line":526,"column":8}},"196":{"start":{"line":528,"column":6},"end":{"line":528,"column":56}},"197":{"start":{"line":532,"column":3},"end":{"line":532,"column":22}}},"fnMap":{"0":{"name":"(anonymous_0)","decl":{"start":{"line":21,"column":24},"end":{"line":21,"column":25}},"loc":{"start":{"line":21,"column":36},"end":{"line":103,"column":1}},"line":21},"1":{"name":"(anonymous_1)","decl":{"start":{"line":108,"column":19},"end":{"line":108,"column":20}},"loc":{"start":{"line":108,"column":30},"end":{"line":111,"column":1}},"line":108},"2":{"name":"(anonymous_2)","decl":{"start":{"line":124,"column":30},"end":{"line":124,"column":31}},"loc":{"start":{"line":124,"column":41},"end":{"line":130,"column":1}},"line":124},"3":{"name":"(anonymous_3)","decl":{"start":{"line":126,"column":37},"end":{"line":126,"column":38}},"loc":{"start":{"line":126,"column":55},"end":{"line":128,"column":2}},"line":126},"4":{"name":"(anonymous_4)","decl":{"start":{"line":135,"column":26},"end":{"line":135,"column":27}},"loc":{"start":{"line":135,"column":38},"end":{"line":149,"column":1}},"line":135},"5":{"name":"(anonymous_5)","decl":{"start":{"line":154,"column":27},"end":{"line":154,"column":28}},"loc":{"start":{"line":154,"column":44},"end":{"line":159,"column":1}},"line":154},"6":{"name":"(anonymous_6)","decl":{"start":{"line":164,"column":27},"end":{"line":164,"column":28}},"loc":{"start":{"line":164,"column":50},"end":{"line":175,"column":1}},"line":164},"7":{"name":"(anonymous_7)","decl":{"start":{"line":180,"column":28},"end":{"line":180,"column":29}},"loc":{"start":{"line":180,"column":40},"end":{"line":194,"column":1}},"line":180},"8":{"name":"(anonymous_8)","decl":{"start":{"line":200,"column":29},"end":{"line":200,"column":30}},"loc":{"start":{"line":200,"column":55},"end":{"line":212,"column":1}},"line":200},"9":{"name":"(anonymous_9)","decl":{"start":{"line":208,"column":56},"end":{"line":208,"column":57}},"loc":{"start":{"line":208,"column":74},"end":{"line":210,"column":2}},"line":208},"10":{"name":"(anonymous_10)","decl":{"start":{"line":214,"column":17},"end":{"line":214,"column":18}},"loc":{"start":{"line":214,"column":35},"end":{"line":535,"column":1}},"line":214},"11":{"name":"(anonymous_11)","decl":{"start":{"line":260,"column":26},"end":{"line":260,"column":27}},"loc":{"start":{"line":260,"column":37},"end":{"line":262,"column":3}},"line":260},"12":{"name":"(anonymous_12)","decl":{"start":{"line":275,"column":14},"end":{"line":275,"column":15}},"loc":{"start":{"line":275,"column":26},"end":{"line":302,"column":2}},"line":275},"13":{"name":"(anonymous_13)","decl":{"start":{"line":311,"column":11},"end":{"line":311,"column":12}},"loc":{"start":{"line":311,"column":19},"end":{"line":336,"column":3}},"line":311},"14":{"name":"(anonymous_14)","decl":{"start":{"line":345,"column":12},"end":{"line":345,"column":13}},"loc":{"start":{"line":345,"column":26},"end":{"line":347,"column":4}},"line":345}},"branchMap":{"0":{"loc":{"start":{"line":22,"column":1},"end":{"line":26,"column":2}},"type":"if","locations":[{"start":{"line":22,"column":1},"end":{"line":26,"column":2}},{"start":{"line":22,"column":1},"end":{"line":26,"column":2}}],"line":22},"1":{"loc":{"start":{"line":27,"column":1},"end":{"line":37,"column":2}},"type":"if","locations":[{"start":{"line":27,"column":1},"end":{"line":37,"column":2}},{"start":{"line":27,"column":1},"end":{"line":37,"column":2}}],"line":27},"2":{"loc":{"start":{"line":28,"column":2},"end":{"line":29,"column":53}},"type":"binary-expr","locations":[{"start":{"line":28,"column":2},"end":{"line":28,"column":60}},{"start":{"line":29,"column":2},"end":{"line":29,"column":53}}],"line":28},"3":{"loc":{"start":{"line":31,"column":21},"end":{"line":31,"column":52}},"type":"binary-expr","locations":[{"start":{"line":31,"column":21},"end":{"line":31,"column":38}},{"start":{"line":31,"column":42},"end":{"line":31,"column":52}}],"line":31},"4":{"loc":{"start":{"line":32,"column":2},"end":{"line":36,"column":3}},"type":"if","locations":[{"start":{"line":32,"column":2},"end":{"line":36,"column":3}},{"start":{"line":32,"column":2},"end":{"line":36,"column":3}}],"line":32},"5":{"loc":{"start":{"line":38,"column":1},"end":{"line":46,"column":2}},"type":"if","locations":[{"start":{"line":38,"column":1},"end":{"line":46,"column":2}},{"start":{"line":38,"column":1},"end":{"line":46,"column":2}}],"line":38},"6":{"loc":{"start":{"line":39,"column":2},"end":{"line":40,"column":53}},"type":"binary-expr","locations":[{"start":{"line":39,"column":2},"end":{"line":39,"column":57}},{"start":{"line":40,"column":2},"end":{"line":40,"column":53}}],"line":39},"7":{"loc":{"start":{"line":42,"column":18},"end":{"line":42,"column":46}},"type":"binary-expr","locations":[{"start":{"line":42,"column":18},"end":{"line":42,"column":32}},{"start":{"line":42,"column":36},"end":{"line":42,"column":46}}],"line":42},"8":{"loc":{"start":{"line":43,"column":2},"end":{"line":45,"column":3}},"type":"if","locations":[{"start":{"line":43,"column":2},"end":{"line":45,"column":3}},{"start":{"line":43,"column":2},"end":{"line":45,"column":3}}],"line":43},"9":{"loc":{"start":{"line":47,"column":1},"end":{"line":57,"column":2}},"type":"if","locations":[{"start":{"line":47,"column":1},"end":{"line":57,"column":2}},{"start":{"line":47,"column":1},"end":{"line":57,"column":2}}],"line":47},"10":{"loc":{"start":{"line":48,"column":2},"end":{"line":49,"column":53}},"type":"binary-expr","locations":[{"start":{"line":48,"column":2},"end":{"line":48,"column":56}},{"start":{"line":49,"column":2},"end":{"line":49,"column":53}}],"line":48},"11":{"loc":{"start":{"line":51,"column":17},"end":{"line":51,"column":44}},"type":"binary-expr","locations":[{"start":{"line":51,"column":17},"end":{"line":51,"column":30}},{"start":{"line":51,"column":34},"end":{"line":51,"column":44}}],"line":51},"12":{"loc":{"start":{"line":52,"column":2},"end":{"line":56,"column":3}},"type":"if","locations":[{"start":{"line":52,"column":2},"end":{"line":56,"column":3}},{"start":{"line":52,"column":2},"end":{"line":56,"column":3}}],"line":52},"13":{"loc":{"start":{"line":58,"column":1},"end":{"line":68,"column":2}},"type":"if","locations":[{"start":{"line":58,"column":1},"end":{"line":68,"column":2}},{"start":{"line":58,"column":1},"end":{"line":68,"column":2}}],"line":58},"14":{"loc":{"start":{"line":59,"column":2},"end":{"line":60,"column":53}},"type":"binary-expr","locations":[{"start":{"line":59,"column":2},"end":{"line":59,"column":59}},{"start":{"line":60,"column":2},"end":{"line":60,"column":53}}],"line":59},"15":{"loc":{"start":{"line":62,"column":20},"end":{"line":62,"column":50}},"type":"binary-expr","locations":[{"start":{"line":62,"column":20},"end":{"line":62,"column":36}},{"start":{"line":62,"column":40},"end":{"line":62,"column":50}}],"line":62},"16":{"loc":{"start":{"line":63,"column":2},"end":{"line":67,"column":3}},"type":"if","locations":[{"start":{"line":63,"column":2},"end":{"line":67,"column":3}},{"start":{"line":63,"column":2},"end":{"line":67,"column":3}}],"line":63},"17":{"loc":{"start":{"line":69,"column":1},"end":{"line":79,"column":2}},"type":"if","locations":[{"start":{"line":69,"column":1},"end":{"line":79,"column":2}},{"start":{"line":69,"column":1},"end":{"line":79,"column":2}}],"line":69},"18":{"loc":{"start":{"line":70,"column":2},"end":{"line":71,"column":53}},"type":"binary-expr","locations":[{"start":{"line":70,"column":2},"end":{"line":70,"column":56}},{"start":{"line":71,"column":2},"end":{"line":71,"column":53}}],"line":70},"19":{"loc":{"start":{"line":73,"column":17},"end":{"line":73,"column":44}},"type":"binary-expr","locations":[{"start":{"line":73,"column":17},"end":{"line":73,"column":30}},{"start":{"line":73,"column":34},"end":{"line":73,"column":44}}],"line":73},"20":{"loc":{"start":{"line":74,"column":2},"end":{"line":78,"column":3}},"type":"if","locations":[{"start":{"line":74,"column":2},"end":{"line":78,"column":3}},{"start":{"line":74,"column":2},"end":{"line":78,"column":3}}],"line":74},"21":{"loc":{"start":{"line":80,"column":1},"end":{"line":90,"column":2}},"type":"if","locations":[{"start":{"line":80,"column":1},"end":{"line":90,"column":2}},{"start":{"line":80,"column":1},"end":{"line":90,"column":2}}],"line":80},"22":{"loc":{"start":{"line":81,"column":2},"end":{"line":82,"column":53}},"type":"binary-expr","locations":[{"start":{"line":81,"column":2},"end":{"line":81,"column":60}},{"start":{"line":82,"column":2},"end":{"line":82,"column":53}}],"line":81},"23":{"loc":{"start":{"line":84,"column":21},"end":{"line":84,"column":52}},"type":"binary-expr","locations":[{"start":{"line":84,"column":21},"end":{"line":84,"column":38}},{"start":{"line":84,"column":42},"end":{"line":84,"column":52}}],"line":84},"24":{"loc":{"start":{"line":85,"column":2},"end":{"line":89,"column":3}},"type":"if","locations":[{"start":{"line":85,"column":2},"end":{"line":89,"column":3}},{"start":{"line":85,"column":2},"end":{"line":89,"column":3}}],"line":85},"25":{"loc":{"start":{"line":91,"column":1},"end":{"line":101,"column":2}},"type":"if","locations":[{"start":{"line":91,"column":1},"end":{"line":101,"column":2}},{"start":{"line":91,"column":1},"end":{"line":101,"column":2}}],"line":91},"26":{"loc":{"start":{"line":92,"column":2},"end":{"line":93,"column":53}},"type":"binary-expr","locations":[{"start":{"line":92,"column":2},"end":{"line":92,"column":59}},{"start":{"line":93,"column":2},"end":{"line":93,"column":53}}],"line":92},"27":{"loc":{"start":{"line":95,"column":20},"end":{"line":95,"column":50}},"type":"binary-expr","locations":[{"start":{"line":95,"column":20},"end":{"line":95,"column":36}},{"start":{"line":95,"column":40},"end":{"line":95,"column":50}}],"line":95},"28":{"loc":{"start":{"line":96,"column":2},"end":{"line":100,"column":3}},"type":"if","locations":[{"start":{"line":96,"column":2},"end":{"line":100,"column":3}},{"start":{"line":96,"column":2},"end":{"line":100,"column":3}}],"line":96},"29":{"loc":{"start":{"line":217,"column":1},"end":{"line":220,"column":2}},"type":"if","locations":[{"start":{"line":217,"column":1},"end":{"line":220,"column":2}},{"start":{"line":217,"column":1},"end":{"line":220,"column":2}}],"line":217},"30":{"loc":{"start":{"line":224,"column":2},"end":{"line":224,"column":12}},"type":"default-arg","locations":[{"start":{"line":224,"column":10},"end":{"line":224,"column":12}}],"line":224},"31":{"loc":{"start":{"line":235,"column":1},"end":{"line":238,"column":2}},"type":"if","locations":[{"start":{"line":235,"column":1},"end":{"line":238,"column":2}},{"start":{"line":235,"column":1},"end":{"line":238,"column":2}}],"line":235},"32":{"loc":{"start":{"line":240,"column":1},"end":{"line":243,"column":2}},"type":"if","locations":[{"start":{"line":240,"column":1},"end":{"line":243,"column":2}},{"start":{"line":240,"column":1},"end":{"line":243,"column":2}}],"line":240},"33":{"loc":{"start":{"line":245,"column":1},"end":{"line":254,"column":2}},"type":"if","locations":[{"start":{"line":245,"column":1},"end":{"line":254,"column":2}},{"start":{"line":245,"column":1},"end":{"line":254,"column":2}}],"line":245},"34":{"loc":{"start":{"line":246,"column":2},"end":{"line":249,"column":3}},"type":"if","locations":[{"start":{"line":246,"column":2},"end":{"line":249,"column":3}},{"start":{"line":246,"column":2},"end":{"line":249,"column":3}}],"line":246},"35":{"loc":{"start":{"line":250,"column":2},"end":{"line":252,"column":3}},"type":"if","locations":[{"start":{"line":250,"column":2},"end":{"line":252,"column":3}},{"start":{"line":250,"column":2},"end":{"line":252,"column":3}}],"line":250},"36":{"loc":{"start":{"line":259,"column":1},"end":{"line":263,"column":2}},"type":"if","locations":[{"start":{"line":259,"column":1},"end":{"line":263,"column":2}},{"start":{"line":259,"column":1},"end":{"line":263,"column":2}}],"line":259},"37":{"loc":{"start":{"line":293,"column":2},"end":{"line":296,"column":3}},"type":"if","locations":[{"start":{"line":293,"column":2},"end":{"line":296,"column":3}},{"start":{"line":293,"column":2},"end":{"line":296,"column":3}}],"line":293},"38":{"loc":{"start":{"line":293,"column":6},"end":{"line":293,"column":51}},"type":"binary-expr","locations":[{"start":{"line":293,"column":6},"end":{"line":293,"column":18}},{"start":{"line":293,"column":22},"end":{"line":293,"column":51}}],"line":293},"39":{"loc":{"start":{"line":310,"column":1},"end":{"line":337,"column":2}},"type":"if","locations":[{"start":{"line":310,"column":1},"end":{"line":337,"column":2}},{"start":{"line":310,"column":1},"end":{"line":337,"column":2}}],"line":310},"40":{"loc":{"start":{"line":320,"column":14},"end":{"line":320,"column":34}},"type":"binary-expr","locations":[{"start":{"line":320,"column":14},"end":{"line":320,"column":22}},{"start":{"line":320,"column":26},"end":{"line":320,"column":34}}],"line":320},"41":{"loc":{"start":{"line":321,"column":17},"end":{"line":323,"column":8}},"type":"cond-expr","locations":[{"start":{"line":322,"column":6},"end":{"line":322,"column":48}},{"start":{"line":323,"column":6},"end":{"line":323,"column":8}}],"line":321},"42":{"loc":{"start":{"line":324,"column":3},"end":{"line":326,"column":4}},"type":"if","locations":[{"start":{"line":324,"column":3},"end":{"line":326,"column":4}},{"start":{"line":324,"column":3},"end":{"line":326,"column":4}}],"line":324},"43":{"loc":{"start":{"line":342,"column":1},"end":{"line":348,"column":2}},"type":"if","locations":[{"start":{"line":342,"column":1},"end":{"line":348,"column":2}},{"start":{"line":342,"column":1},"end":{"line":348,"column":2}}],"line":342},"44":{"loc":{"start":{"line":353,"column":31},"end":{"line":353,"column":57}},"type":"cond-expr","locations":[{"start":{"line":353,"column":38},"end":{"line":353,"column":45}},{"start":{"line":353,"column":48},"end":{"line":353,"column":57}}],"line":353},"45":{"loc":{"start":{"line":358,"column":13},"end":{"line":358,"column":39}},"type":"cond-expr","locations":[{"start":{"line":358,"column":20},"end":{"line":358,"column":27}},{"start":{"line":358,"column":30},"end":{"line":358,"column":39}}],"line":358},"46":{"loc":{"start":{"line":370,"column":1},"end":{"line":534,"column":2}},"type":"if","locations":[{"start":{"line":370,"column":1},"end":{"line":534,"column":2}},{"start":{"line":370,"column":1},"end":{"line":534,"column":2}}],"line":370},"47":{"loc":{"start":{"line":399,"column":3},"end":{"line":405,"column":4}},"type":"if","locations":[{"start":{"line":399,"column":3},"end":{"line":405,"column":4}},{"start":{"line":399,"column":3},"end":{"line":405,"column":4}}],"line":399},"48":{"loc":{"start":{"line":400,"column":4},"end":{"line":403,"column":5}},"type":"if","locations":[{"start":{"line":400,"column":4},"end":{"line":403,"column":5}},{"start":{"line":400,"column":4},"end":{"line":403,"column":5}}],"line":400},"49":{"loc":{"start":{"line":411,"column":2},"end":{"line":432,"column":3}},"type":"if","locations":[{"start":{"line":411,"column":2},"end":{"line":432,"column":3}},{"start":{"line":411,"column":2},"end":{"line":432,"column":3}}],"line":411},"50":{"loc":{"start":{"line":411,"column":6},"end":{"line":411,"column":25}},"type":"binary-expr","locations":[{"start":{"line":411,"column":6},"end":{"line":411,"column":9}},{"start":{"line":411,"column":13},"end":{"line":411,"column":25}}],"line":411},"51":{"loc":{"start":{"line":420,"column":15},"end":{"line":420,"column":53}},"type":"binary-expr","locations":[{"start":{"line":420,"column":15},"end":{"line":420,"column":22}},{"start":{"line":420,"column":26},"end":{"line":420,"column":53}}],"line":420},"52":{"loc":{"start":{"line":427,"column":4},"end":{"line":429,"column":5}},"type":"if","locations":[{"start":{"line":427,"column":4},"end":{"line":429,"column":5}},{"start":{"line":427,"column":4},"end":{"line":429,"column":5}}],"line":427},"53":{"loc":{"start":{"line":434,"column":2},"end":{"line":488,"column":3}},"type":"if","locations":[{"start":{"line":434,"column":2},"end":{"line":488,"column":3}},{"start":{"line":434,"column":2},"end":{"line":488,"column":3}}],"line":434},"54":{"loc":{"start":{"line":434,"column":6},"end":{"line":434,"column":32}},"type":"binary-expr","locations":[{"start":{"line":434,"column":6},"end":{"line":434,"column":17}},{"start":{"line":434,"column":21},"end":{"line":434,"column":32}}],"line":434},"55":{"loc":{"start":{"line":438,"column":3},"end":{"line":463,"column":4}},"type":"if","locations":[{"start":{"line":438,"column":3},"end":{"line":463,"column":4}},{"start":{"line":438,"column":3},"end":{"line":463,"column":4}}],"line":438},"56":{"loc":{"start":{"line":460,"column":36},"end":{"line":460,"column":64}},"type":"binary-expr","locations":[{"start":{"line":460,"column":36},"end":{"line":460,"column":44}},{"start":{"line":460,"column":48},"end":{"line":460,"column":64}}],"line":460},"57":{"loc":{"start":{"line":476,"column":15},"end":{"line":476,"column":57}},"type":"binary-expr","locations":[{"start":{"line":476,"column":15},"end":{"line":476,"column":22}},{"start":{"line":476,"column":26},"end":{"line":476,"column":57}}],"line":476},"58":{"loc":{"start":{"line":483,"column":4},"end":{"line":485,"column":5}},"type":"if","locations":[{"start":{"line":483,"column":4},"end":{"line":485,"column":5}},{"start":{"line":483,"column":4},"end":{"line":485,"column":5}}],"line":483},"59":{"loc":{"start":{"line":493,"column":2},"end":{"line":533,"column":3}},"type":"if","locations":[{"start":{"line":493,"column":2},"end":{"line":533,"column":3}},{"start":{"line":493,"column":2},"end":{"line":533,"column":3}}],"line":493},"60":{"loc":{"start":{"line":519,"column":4},"end":{"line":530,"column":5}},"type":"if","locations":[{"start":{"line":519,"column":4},"end":{"line":530,"column":5}},{"start":{"line":519,"column":4},"end":{"line":530,"column":5}}],"line":519},"61":{"loc":{"start":{"line":521,"column":5},"end":{"line":529,"column":6}},"type":"if","locations":[{"start":{"line":521,"column":5},"end":{"line":529,"column":6}},{"start":{"line":521,"column":5},"end":{"line":529,"column":6}}],"line":521}},"s":{"0":1,"1":1,"2":1,"3":1,"4":1,"5":1,"6":1,"7":1,"8":1,"9":1,"10":1,"11":1,"12":1,"13":1,"14":0,"15":0,"16":0,"17":0,"18":0,"19":0,"20":0,"21":0,"22":0,"23":0,"24":0,"25":0,"26":0,"27":0,"28":0,"29":0,"30":0,"31":0,"32":0,"33":0,"34":0,"35":0,"36":0,"37":0,"38":0,"39":0,"40":0,"41":0,"42":0,"43":0,"44":0,"45":1,"46":0,"47":0,"48":1,"49":1,"50":0,"51":0,"52":0,"53":0,"54":1,"55":0,"56":0,"57":0,"58":0,"59":0,"60":0,"61":0,"62":1,"63":0,"64":0,"65":1,"66":0,"67":0,"68":0,"69":0,"70":0,"71":0,"72":0,"73":1,"74":0,"75":0,"76":0,"77":0,"78":0,"79":0,"80":0,"81":1,"82":0,"83":0,"84":0,"85":0,"86":0,"87":1,"88":0,"89":0,"90":0,"91":0,"92":0,"93":0,"94":0,"95":0,"96":0,"97":0,"98":0,"99":0,"100":0,"101":0,"102":0,"103":0,"104":0,"105":0,"106":0,"107":0,"108":0,"109":0,"110":0,"111":0,"112":0,"113":0,"114":0,"115":0,"116":0,"117":0,"118":0,"119":0,"120":0,"121":0,"122":0,"123":0,"124":0,"125":0,"126":0,"127":0,"128":0,"129":0,"130":0,"131":0,"132":0,"133":0,"134":0,"135":0,"136":0,"137":0,"138":0,"139":0,"140":0,"141":0,"142":0,"143":0,"144":0,"145":0,"146":0,"147":0,"148":0,"149":0,"150":0,"151":0,"152":0,"153":0,"154":0,"155":0,"156":0,"157":0,"158":0,"159":0,"160":0,"161":0,"162":0,"163":0,"164":0,"165":0,"166":0,"167":0,"168":0,"169":0,"170":0,"171":0,"172":0,"173":0,"174":0,"175":0,"176":0,"177":0,"178":0,"179":0,"180":0,"181":0,"182":0,"183":0,"184":0,"185":0,"186":0,"187":0,"188":0,"189":0,"190":0,"191":0,"192":0,"193":0,"194":0,"195":0,"196":0,"197":0},"f":{"0":0,"1":0,"2":0,"3":0,"4":0,"5":0,"6":0,"7":0,"8":0,"9":0,"10":0,"11":0,"12":0,"13":0,"14":0},"b":{"0":[0,0],"1":[0,0],"2":[0,0],"3":[0,0],"4":[0,0],"5":[0,0],"6":[0,0],"7":[0,0],"8":[0,0],"9":[0,0],"10":[0,0],"11":[0,0],"12":[0,0],"13":[0,0],"14":[0,0],"15":[0,0],"16":[0,0],"17":[0,0],"18":[0,0],"19":[0,0],"20":[0,0],"21":[0,0],"22":[0,0],"23":[0,0],"24":[0,0],"25":[0,0],"26":[0,0],"27":[0,0],"28":[0,0],"29":[0,0],"30":[0],"31":[0,0],"32":[0,0],"33":[0,0],"34":[0,0],"35":[0,0],"36":[0,0],"37":[0,0],"38":[0,0],"39":[0,0],"40":[0,0],"41":[0,0],"42":[0,0],"43":[0,0],"44":[0,0],"45":[0,0],"46":[0,0],"47":[0,0],"48":[0,0],"49":[0,0],"50":[0,0],"51":[0,0],"52":[0,0],"53":[0,0],"54":[0,0],"55":[0,0],"56":[0,0],"57":[0,0],"58":[0,0],"59":[0,0],"60":[0,0],"61":[0,0]},"_coverageSchema":"43e27e138ebf9cfc5966b082cf9a028302ed4184","hash":"4fb026a2a3c6a7dfd45843e14c8212484571c782"}
}
