TN:
SF:/Users/jacobevans/personalProjects/stargazed/index.js
FN:21,(anonymous_0)
FN:108,(anonymous_1)
FN:124,(anonymous_2)
FN:126,(anonymous_3)
FN:135,(anonymous_4)
FN:154,(anonymous_5)
FN:164,(anonymous_6)
FN:180,(anonymous_7)
FN:200,(anonymous_8)
FN:208,(anonymous_9)
FN:214,(anonymous_10)
FN:260,(anonymous_11)
FN:275,(anonymous_12)
FN:311,(anonymous_13)
FN:345,(anonymous_14)
FNF:15
FNH:0
FNDA:0,(anonymous_0)
FNDA:0,(anonymous_1)
FNDA:0,(anonymous_2)
FNDA:0,(anonymous_3)
FNDA:0,(anonymous_4)
FNDA:0,(anonymous_5)
FNDA:0,(anonymous_6)
FNDA:0,(anonymous_7)
FNDA:0,(anonymous_8)
FNDA:0,(anonymous_9)
FNDA:0,(anonymous_10)
FNDA:0,(anonymous_11)
FNDA:0,(anonymous_12)
FNDA:0,(anonymous_13)
FNDA:0,(anonymous_14)
DA:5,1
DA:6,1
DA:7,1
DA:8,1
DA:9,1
DA:10,1
DA:11,1
DA:12,1
DA:13,1
DA:14,1
DA:15,1
DA:17,1
DA:19,1
DA:21,1
DA:22,0
DA:23,0
DA:27,0
DA:31,0
DA:32,0
DA:33,0
DA:38,0
DA:42,0
DA:43,0
DA:44,0
DA:47,0
DA:51,0
DA:52,0
DA:53,0
DA:58,0
DA:62,0
DA:63,0
DA:64,0
DA:69,0
DA:73,0
DA:74,0
DA:75,0
DA:80,0
DA:84,0
DA:85,0
DA:86,0
DA:91,0
DA:95,0
DA:96,0
DA:97,0
DA:102,0
DA:108,1
DA:109,0
DA:110,0
DA:116,1
DA:124,1
DA:125,0
DA:126,0
DA:127,0
DA:129,0
DA:135,1
DA:136,0
DA:138,0
DA:139,0
DA:143,0
DA:144,0
DA:146,0
DA:147,0
DA:154,1
DA:155,0
DA:156,0
DA:164,1
DA:165,0
DA:167,0
DA:168,0
DA:169,0
DA:171,0
DA:172,0
DA:174,0
DA:180,1
DA:181,0
DA:183,0
DA:184,0
DA:188,0
DA:189,0
DA:191,0
DA:192,0
DA:200,1
DA:202,0
DA:204,0
DA:208,0
DA:209,0
DA:211,0
DA:214,1
DA:215,0
DA:217,0
DA:218,0
DA:219,0
DA:230,0
DA:232,0
DA:233,0
DA:235,0
DA:236,0
DA:237,0
DA:240,0
DA:241,0
DA:242,0
DA:245,0
DA:246,0
DA:247,0
DA:248,0
DA:250,0
DA:251,0
DA:253,0
DA:259,0
DA:260,0
DA:261,0
DA:265,0
DA:266,0
DA:267,0
DA:268,0
DA:270,0
DA:275,0
DA:277,0
DA:279,0
DA:280,0
DA:282,0
DA:283,0
DA:284,0
DA:287,0
DA:290,0
DA:293,0
DA:294,0
DA:295,0
DA:298,0
DA:299,0
DA:301,0
DA:305,0
DA:310,0
DA:311,0
DA:319,0
DA:320,0
DA:321,0
DA:324,0
DA:325,0
DA:328,0
DA:335,0
DA:342,0
DA:343,0
DA:346,0
DA:353,0
DA:354,0
DA:365,0
DA:370,0
DA:371,0
DA:375,0
DA:376,0
DA:377,0
DA:378,0
DA:386,0
DA:387,0
DA:394,0
DA:396,0
DA:397,0
DA:399,0
DA:400,0
DA:401,0
DA:402,0
DA:411,0
DA:412,0
DA:414,0
DA:416,0
DA:425,0
DA:427,0
DA:428,0
DA:431,0
DA:434,0
DA:438,0
DA:439,0
DA:441,0
DA:451,0
DA:452,0
DA:458,0
DA:460,0
DA:462,0
DA:468,0
DA:470,0
DA:472,0
DA:481,0
DA:483,0
DA:484,0
DA:487,0
DA:493,0
DA:494,0
DA:496,0
DA:498,0
DA:503,0
DA:505,0
DA:517,0
DA:519,0
DA:521,0
DA:524,0
DA:528,0
DA:532,0
LF:198
LH:23
BRDA:22,0,0,0
BRDA:22,0,1,0
BRDA:27,1,0,0
BRDA:27,1,1,0
BRDA:28,2,0,0
BRDA:28,2,1,0
BRDA:31,3,0,0
BRDA:31,3,1,0
BRDA:32,4,0,0
BRDA:32,4,1,0
BRDA:38,5,0,0
BRDA:38,5,1,0
BRDA:39,6,0,0
BRDA:39,6,1,0
BRDA:42,7,0,0
BRDA:42,7,1,0
BRDA:43,8,0,0
BRDA:43,8,1,0
BRDA:47,9,0,0
BRDA:47,9,1,0
BRDA:48,10,0,0
BRDA:48,10,1,0
BRDA:51,11,0,0
BRDA:51,11,1,0
BRDA:52,12,0,0
BRDA:52,12,1,0
BRDA:58,13,0,0
BRDA:58,13,1,0
BRDA:59,14,0,0
BRDA:59,14,1,0
BRDA:62,15,0,0
BRDA:62,15,1,0
BRDA:63,16,0,0
BRDA:63,16,1,0
BRDA:69,17,0,0
BRDA:69,17,1,0
BRDA:70,18,0,0
BRDA:70,18,1,0
BRDA:73,19,0,0
BRDA:73,19,1,0
BRDA:74,20,0,0
BRDA:74,20,1,0
BRDA:80,21,0,0
BRDA:80,21,1,0
BRDA:81,22,0,0
BRDA:81,22,1,0
BRDA:84,23,0,0
BRDA:84,23,1,0
BRDA:85,24,0,0
BRDA:85,24,1,0
BRDA:91,25,0,0
BRDA:91,25,1,0
BRDA:92,26,0,0
BRDA:92,26,1,0
BRDA:95,27,0,0
BRDA:95,27,1,0
BRDA:96,28,0,0
BRDA:96,28,1,0
BRDA:217,29,0,0
BRDA:217,29,1,0
BRDA:224,30,0,0
BRDA:235,31,0,0
BRDA:235,31,1,0
BRDA:240,32,0,0
BRDA:240,32,1,0
BRDA:245,33,0,0
BRDA:245,33,1,0
BRDA:246,34,0,0
BRDA:246,34,1,0
BRDA:250,35,0,0
BRDA:250,35,1,0
BRDA:259,36,0,0
BRDA:259,36,1,0
BRDA:293,37,0,0
BRDA:293,37,1,0
BRDA:293,38,0,0
BRDA:293,38,1,0
BRDA:310,39,0,0
BRDA:310,39,1,0
BRDA:320,40,0,0
BRDA:320,40,1,0
BRDA:321,41,0,0
BRDA:321,41,1,0
BRDA:324,42,0,0
BRDA:324,42,1,0
BRDA:342,43,0,0
BRDA:342,43,1,0
BRDA:353,44,0,0
BRDA:353,44,1,0
BRDA:358,45,0,0
BRDA:358,45,1,0
BRDA:370,46,0,0
BRDA:370,46,1,0
BRDA:399,47,0,0
BRDA:399,47,1,0
BRDA:400,48,0,0
BRDA:400,48,1,0
BRDA:411,49,0,0
BRDA:411,49,1,0
BRDA:411,50,0,0
BRDA:411,50,1,0
BRDA:420,51,0,0
BRDA:420,51,1,0
BRDA:427,52,0,0
BRDA:427,52,1,0
BRDA:434,53,0,0
BRDA:434,53,1,0
BRDA:434,54,0,0
BRDA:434,54,1,0
BRDA:438,55,0,0
BRDA:438,55,1,0
BRDA:460,56,0,0
BRDA:460,56,1,0
BRDA:476,57,0,0
BRDA:476,57,1,0
BRDA:483,58,0,0
BRDA:483,58,1,0
BRDA:493,59,0,0
BRDA:493,59,1,0
BRDA:519,60,0,0
BRDA:519,60,1,0
BRDA:521,61,0,0
BRDA:521,61,1,0
BRF:123
BRH:0
end_of_record
